# JRE version: Java(TM) SE Runtime Environment (17.0.5+9) (build 17.0.5+9-LTS-191)
# Java VM: Java HotSpot(TM) 64-Bit Server VM (17.0.5+9-LTS-191, mixed mode, sharing, tiered, compressed oops, compressed class ptrs, g1 gc, windows-amd64)
GC Precious Log:
 CPUs: 4 total, 4 available
 Memory: 16325M
 Large Page Support: Disabled
 NUMA Support: Disabled
 Compressed Oops: Enabled (Zero based)
 Heap Region Size: 2M
 Heap Min Capacity: 8M
 Heap Initial Capacity: 256M
 Heap Max Capacity: 4082M
 Pre-touch: Disabled
 Parallel Workers: 4
 Concurrent Workers: 1
 Concurrent Refinement Workers: 4
 Periodic GC: Disabled
Heap:
 garbage-first heap   total 43008K, used 24483K [0x0000000700e00000, 0x0000000800000000)
  region size 2048K, 7 young (14336K), 1 survivors (2048K)
 Metaspace       used 32134K, committed 32448K, reserved 1081344K
  class space    used 4014K, committed 4160K, reserved 1048576K
GC Heap History (12 events):
Event: 0.395 GC heap before
{Heap before GC invocations=0 (full 0):
 garbage-first heap   total 262144K, used 10240K [0x0000000700e00000, 0x0000000800000000)
  region size 2048K, 6 young (12288K), 0 survivors (0K)
 Metaspace       used 3674K, committed 3840K, reserved 1056768K
  class space    used 382K, committed 448K, reserved 1048576K
}
Event: 0.398 GC heap after
{Heap after GC invocations=1 (full 0):
 garbage-first heap   total 262144K, used 4050K [0x0000000700e00000, 0x0000000800000000)
  region size 2048K, 1 young (2048K), 1 survivors (2048K)
 Metaspace       used 3674K, committed 3840K, reserved 1056768K
  class space    used 382K, committed 448K, reserved 1048576K
}
Event: 0.604 GC heap before
{Heap before GC invocations=1 (full 0):
 garbage-first heap   total 262144K, used 12242K [0x0000000700e00000, 0x0000000800000000)
  region size 2048K, 6 young (12288K), 1 survivors (2048K)
 Metaspace       used 6466K, committed 6656K, reserved 1056768K
  class space    used 785K, committed 896K, reserved 1048576K
}
Event: 0.607 GC heap after
{Heap after GC invocations=2 (full 0):
 garbage-first heap   total 262144K, used 5231K [0x0000000700e00000, 0x0000000800000000)
  region size 2048K, 1 young (2048K), 1 survivors (2048K)
 Metaspace       used 6466K, committed 6656K, reserved 1056768K
  class space    used 785K, committed 896K, reserved 1048576K
}
Event: 0.838 GC heap before
{Heap before GC invocations=2 (full 0):
 garbage-first heap   total 262144K, used 27759K [0x0000000700e00000, 0x0000000800000000)
  region size 2048K, 13 young (26624K), 1 survivors (2048K)
 Metaspace       used 13604K, committed 13824K, reserved 1064960K
  class space    used 1685K, committed 1792K, reserved 1048576K
}
Event: 0.841 GC heap after
{Heap after GC invocations=3 (full 0):
 garbage-first heap   total 262144K, used 6305K [0x0000000700e00000, 0x0000000800000000)
  region size 2048K, 2 young (4096K), 2 survivors (4096K)
 Metaspace       used 13604K, committed 13824K, reserved 1064960K
  class space    used 1685K, committed 1792K, reserved 1048576K
}
Event: 2.013 GC heap before
{Heap before GC invocations=3 (full 0):
 garbage-first heap   total 262144K, used 55457K [0x0000000700e00000, 0x0000000800000000)
  region size 2048K, 27 young (55296K), 2 survivors (4096K)
 Metaspace       used 21275K, committed 21504K, reserved 1073152K
  class space    used 2677K, committed 2816K, reserved 1048576K
}
Event: 2.019 GC heap after
{Heap after GC invocations=4 (full 0):
 garbage-first heap   total 262144K, used 9868K [0x0000000700e00000, 0x0000000800000000)
  region size 2048K, 3 young (6144K), 3 survivors (6144K)
 Metaspace       used 21275K, committed 21504K, reserved 1073152K
  class space    used 2677K, committed 2816K, reserved 1048576K
}
Event: 2.471 GC heap before
{Heap before GC invocations=5 (full 0):
 garbage-first heap   total 40960K, used 30348K [0x0000000700e00000, 0x0000000800000000)
  region size 2048K, 14 young (28672K), 3 survivors (6144K)
 Metaspace       used 26387K, committed 26688K, reserved 1073152K
  class space    used 3291K, committed 3456K, reserved 1048576K
}
Event: 2.479 GC heap after
{Heap after GC invocations=6 (full 0):
 garbage-first heap   total 43008K, used 12604K [0x0000000700e00000, 0x0000000800000000)
  region size 2048K, 5 young (10240K), 5 survivors (10240K)
 Metaspace       used 26387K, committed 26688K, reserved 1073152K
  class space    used 3291K, committed 3456K, reserved 1048576K
}
Event: 2.733 GC heap before
{Heap before GC invocations=6 (full 0):
 garbage-first heap   total 43008K, used 24892K [0x0000000700e00000, 0x0000000800000000)
  region size 2048K, 11 young (22528K), 5 survivors (10240K)
 Metaspace       used 30313K, committed 30592K, reserved 1081344K
  class space    used 3754K, committed 3904K, reserved 1048576K
}
Event: 2.743 GC heap after
{Heap after GC invocations=7 (full 0):
 garbage-first heap   total 43008K, used 14243K [0x0000000700e00000, 0x0000000800000000)
  region size 2048K, 1 young (2048K), 1 survivors (2048K)
 Metaspace       used 30313K, committed 30592K, reserved 1081344K
  class space    used 3754K, committed 3904K, reserved 1048576K
}

